[2025-07-31 15:41:01.301]
D:\WorkSpace\Qualcomm_Platform\MesDemoDLL\MesDemo\bin\Debug\MesDemoConfig\MesDemoConfig.ini

[2025-07-31 15:41:01.304]
用户名：lixy1
密码：11111111
IP：10.10.30.38
Port：80
产品序列号：24A03600028

[2025-07-31 15:41:01.306]
目标文件夹：C:\Qualcomm\Log\LIXY1-2025_07_31-Qualcomm_P20_AU_CALLOSS

[2025-07-31 15:41:01.308]
在指定文件夹中未找到修改时间在两分钟以内，序列号为24A03600028的xml文件。

[2025-07-31 15:41:01.309]
未找到数据xml文件，停止上传

[2025-07-31 15:41:37.784]
D:\WorkSpace\Qualcomm_Platform\MesDemoDLL\MesDemo\bin\Debug\MesDemoConfig\MesDemoConfig.ini

[2025-07-31 15:41:37.785]
用户名：lixy1
密码：11111111
IP：10.10.30.38
Port：80
产品序列号：24A03600028

[2025-07-31 15:41:37.786]
目标文件夹：C:\Qualcomm\Log\LIXY1-2025_07_31-Qualcomm_P20_AU_CALLOSS

[2025-07-31 15:41:37.788]
找到修改时间在两分钟以内的最新xml文件：C:\Qualcomm\Log\LIXY1-2025_07_31-Qualcomm_P20_AU_CALLOSS\UserDefine-24A03600028-2025_06_24_09_22_58_758-GL-.xml

[2025-07-31 15:41:37.789]
从MesDemoConfig.ini中获取到NET数据格式：
 1\LTE_MaxPower
1\1\LTE_MaxPower
1\1\Band
1\2\Tx Power
1\2\AvgTxPwr


[2025-07-31 15:41:37.789]
从MesDemoConfig.ini中获取到NET数据格式：
 2\WCDMA_MaxOutputPower
2\1\UE_Power
2\1\Band
2\2\UE_Power
2\2\Tx Power


[2025-07-31 15:41:37.790]
从MesDemoConfig.ini中获取到NET数据格式：
 3\GSMBurstTiming
3\1\GSMBurstTiming
3\1\Band
3\2\GSMBurstTiming
3\2\avgTxPwr


[2025-07-31 15:41:37.790]
从MesDemoConfig.ini中获取到GPS数据格式：
 4\Radiated_GPS_Measure
4\1\Radiated_GPS_Measure
4\1\GPS_Mobile_reported_frequency
4\2\Radiated_GPS_Measure
4\2\GPS_Mobile_reported_C/No


[2025-07-31 15:41:37.791]
开始解析NET数据

[2025-07-31 15:41:37.793]
第1次查找：
  LTE_MaxPower:LTE_MaxPower:Band
  LTE_MaxPower:Tx Power:AvgTxPwr

[2025-07-31 15:41:37.794]
找到数据：LTE_MaxPower, Band_1,AvgTxPwr_23.17,PASS;
找到数据：LTE_MaxPower, Band_2,AvgTxPwr_22.94,PASS;
找到数据：LTE_MaxPower, Band_3,AvgTxPwr_23.16,PASS;
找到数据：LTE_MaxPower, Band_4,AvgTxPwr_23.11,PASS;
找到数据：LTE_MaxPower, Band_5,AvgTxPwr_23.75,PASS;
找到数据：LTE_MaxPower, Band_7,AvgTxPwr_22.86,PASS;
找到数据：LTE_MaxPower, Band_8,AvgTxPwr_23.28,PASS;
找到数据：LTE_MaxPower, Band_28,AvgTxPwr_23.56,PASS;
找到数据：LTE_MaxPower, Band_38,AvgTxPwr_10.25,FAIL;


[2025-07-31 15:41:37.795]
第2次查找：
  WCDMA_MaxOutputPower:UE_Power:Band
  WCDMA_MaxOutputPower:UE_Power:Tx Power

[2025-07-31 15:41:37.796]
未找到Band和Tx Power的匹配值 WCDMA_MaxOutputPower:UE_Power:Band:UE_Power:Tx Power

[2025-07-31 15:41:37.796]
第3次查找：
  GSMBurstTiming:GSMBurstTiming:Band
  GSMBurstTiming:GSMBurstTiming:avgTxPwr

[2025-07-31 15:41:37.797]
找到数据：GSMBurstTiming, Band_EGSM,avgTxPwr_32.50,PASS;


[2025-07-31 15:41:37.798]
开始解析GPS数据

[2025-07-31 15:41:37.800]
第1次查找：
  Radiated_GPS_Measure:Radiated_GPS_Measure:GPS_Mobile_reported_frequency
  Radiated_GPS_Measure:Radiated_GPS_Measure:GPS_Mobile_reported_C/No

[2025-07-31 15:41:37.800]
未找到GPS_Mobile_reported_frequency和GPS_Mobile_reported_C/No的匹配值 Radiated_GPS_Measure:Radiated_GPS_Measure:GPS_Mobile_reported_frequency:Radiated_GPS_Measure:GPS_Mobile_reported_C/No

[2025-07-31 15:41:37.801]
找到数据如下：
LTE_MaxPower, Band_1,AvgTxPwr_23.17,PASS;
LTE_MaxPower, Band_2,AvgTxPwr_22.94,PASS;
LTE_MaxPower, Band_3,AvgTxPwr_23.16,PASS;
LTE_MaxPower, Band_4,AvgTxPwr_23.11,PASS;
LTE_MaxPower, Band_5,AvgTxPwr_23.75,PASS;
LTE_MaxPower, Band_7,AvgTxPwr_22.86,PASS;
LTE_MaxPower, Band_8,AvgTxPwr_23.28,PASS;
LTE_MaxPower, Band_28,AvgTxPwr_23.56,PASS;
LTE_MaxPower, Band_38,AvgTxPwr_10.25,FAIL;
GSMBurstTiming, Band_EGSM,avgTxPwr_32.50,PASS;


[2025-07-31 15:41:37.809]
开始上传数据

[2025-07-31 15:41:37.821]
密码加密：456E632D53656E732D496E666F2D41003031303108000000B9708B8B0800000055A63B23A88FF5EB

[2025-07-31 15:41:39.422]
{"isok":"true","num":"0","succeednum":"0","failnum":"0","statecodeid":"0","extdata":"{\"barcodesn\":\"24a03600028\",\"summonsnumber\":\"24a036\",\"materialcode\":\"yg01002427\",\"terminalsn\":\"\",\"customerserialnumber\":\"\",\"psamid\":\"\",\"tusn\":\"\",\"sntype\":\"0\"}"}

[2025-07-31 15:41:39.423]
数据上传成功：
2025-07-31 15:41:37@RF Test@@LTE_MaxPower, Band_1,AvgTxPwr_23.17,PASS;
LTE_MaxPower, Band_2,AvgTxPwr_22.94,PASS;
LTE_MaxPower, Band_3,AvgTxPwr_23.16,PASS;
LTE_MaxPower, Band_4,AvgTxPwr_23.11,PASS;
LTE_MaxPower, Band_5,AvgTxPwr_23.75,PASS;
LTE_MaxPower, Band_7,AvgTxPwr_22.86,PASS;
LTE_MaxPower, Band_8,AvgTxPwr_23.28,PASS;
LTE_MaxPower, Band_28,AvgTxPwr_23.56,PASS;
LTE_MaxPower, Band_38,AvgTxPwr_10.25,FAIL;
GSMBurstTiming, Band_EGSM,avgTxPwr_32.50,PASS;
@0

[2025-07-31 15:42:31.233]
D:\WorkSpace\Qualcomm_Platform\MesDemoDLL\MesDemo\bin\Debug\MesDemoConfig\MesDemoConfig.ini

[2025-07-31 15:42:31.235]
用户名：lixy1
密码：11111111
IP：10.10.30.38
Port：80
产品序列号：24A03600028

[2025-07-31 15:42:31.236]
目标文件夹：C:\Qualcomm\Log\LIXY1-2025_07_31-Qualcomm_P20_AU_CALLOSS

[2025-07-31 15:42:31.237]
找到修改时间在两分钟以内的最新xml文件：C:\Qualcomm\Log\LIXY1-2025_07_31-Qualcomm_P20_AU_CALLOSS\UserDefine-24A03600028-2025_06_24_09_22_58_758-GL-.xml

[2025-07-31 15:42:31.238]
从MesDemoConfig.ini中获取到NET数据格式：
 1\LTE_MaxPower
1\1\LTE_MaxPower
1\1\Band
1\2\Tx Power
1\2\AvgTxPwr


[2025-07-31 15:42:31.238]
从MesDemoConfig.ini中获取到NET数据格式：
 2\WCDMA_MaxOutputPower
2\1\UE_Power
2\1\Band
2\2\UE_Power
2\2\Tx Power


[2025-07-31 15:42:31.238]
从MesDemoConfig.ini中获取到NET数据格式：
 3\GSMBurstTiming
3\1\GSMBurstTiming
3\1\Band
3\2\GSMBurstTiming
3\2\avgTxPwr


[2025-07-31 15:42:31.239]
从MesDemoConfig.ini中获取到GPS数据格式：
 4\Radiated_GPS_Measure
4\1\Radiated_GPS_Measure
4\1\GPS_Mobile_reported_frequency
4\2\Radiated_GPS_Measure
4\2\GPS_Mobile_reported_C/No


[2025-07-31 15:42:31.240]
开始解析NET数据

[2025-07-31 15:42:31.241]
第1次查找：
  LTE_MaxPower:LTE_MaxPower:Band
  LTE_MaxPower:Tx Power:AvgTxPwr

[2025-07-31 15:42:31.242]
找到数据：LTE_MaxPower, Band_1,AvgTxPwr_23.17,PASS;
找到数据：LTE_MaxPower, Band_2,AvgTxPwr_22.94,PASS;
找到数据：LTE_MaxPower, Band_3,AvgTxPwr_23.16,PASS;
找到数据：LTE_MaxPower, Band_4,AvgTxPwr_23.11,PASS;
找到数据：LTE_MaxPower, Band_5,AvgTxPwr_23.75,PASS;
找到数据：LTE_MaxPower, Band_7,AvgTxPwr_22.86,PASS;
找到数据：LTE_MaxPower, Band_8,AvgTxPwr_23.28,PASS;
找到数据：LTE_MaxPower, Band_28,AvgTxPwr_23.56,PASS;
找到数据：LTE_MaxPower, Band_38,AvgTxPwr_10.25,Pass;


[2025-07-31 15:42:31.242]
第2次查找：
  WCDMA_MaxOutputPower:UE_Power:Band
  WCDMA_MaxOutputPower:UE_Power:Tx Power

[2025-07-31 15:42:31.243]
未找到Band和Tx Power的匹配值 WCDMA_MaxOutputPower:UE_Power:Band:UE_Power:Tx Power

[2025-07-31 15:42:31.243]
第3次查找：
  GSMBurstTiming:GSMBurstTiming:Band
  GSMBurstTiming:GSMBurstTiming:avgTxPwr

[2025-07-31 15:42:31.243]
找到数据：GSMBurstTiming, Band_EGSM,avgTxPwr_32.50,PASS;


[2025-07-31 15:42:31.244]
开始解析GPS数据

[2025-07-31 15:42:31.245]
第1次查找：
  Radiated_GPS_Measure:Radiated_GPS_Measure:GPS_Mobile_reported_frequency
  Radiated_GPS_Measure:Radiated_GPS_Measure:GPS_Mobile_reported_C/No

[2025-07-31 15:42:31.245]
未找到GPS_Mobile_reported_frequency和GPS_Mobile_reported_C/No的匹配值 Radiated_GPS_Measure:Radiated_GPS_Measure:GPS_Mobile_reported_frequency:Radiated_GPS_Measure:GPS_Mobile_reported_C/No

[2025-07-31 15:42:31.245]
找到数据如下：
LTE_MaxPower, Band_1,AvgTxPwr_23.17,PASS;
LTE_MaxPower, Band_2,AvgTxPwr_22.94,PASS;
LTE_MaxPower, Band_3,AvgTxPwr_23.16,PASS;
LTE_MaxPower, Band_4,AvgTxPwr_23.11,PASS;
LTE_MaxPower, Band_5,AvgTxPwr_23.75,PASS;
LTE_MaxPower, Band_7,AvgTxPwr_22.86,PASS;
LTE_MaxPower, Band_8,AvgTxPwr_23.28,PASS;
LTE_MaxPower, Band_28,AvgTxPwr_23.56,PASS;
LTE_MaxPower, Band_38,AvgTxPwr_10.25,Pass;
GSMBurstTiming, Band_EGSM,avgTxPwr_32.50,PASS;


[2025-07-31 15:42:31.245]
开始上传数据

[2025-07-31 15:42:31.245]
密码加密：456E632D53656E732D496E666F2D41003031303108000000B9708B8B0800000055A63B23A88FF5EB

[2025-07-31 15:42:31.341]
{"isok":"true","num":"0","succeednum":"0","failnum":"0","statecodeid":"0","extdata":"{\"barcodesn\":\"24a03600028\",\"summonsnumber\":\"24a036\",\"materialcode\":\"yg01002427\",\"terminalsn\":\"\",\"customerserialnumber\":\"\",\"psamid\":\"\",\"tusn\":\"\",\"sntype\":\"0\"}"}

[2025-07-31 15:42:31.342]
数据上传成功：
2025-07-31 15:42:31@RF Test@@LTE_MaxPower, Band_1,AvgTxPwr_23.17,PASS;
LTE_MaxPower, Band_2,AvgTxPwr_22.94,PASS;
LTE_MaxPower, Band_3,AvgTxPwr_23.16,PASS;
LTE_MaxPower, Band_4,AvgTxPwr_23.11,PASS;
LTE_MaxPower, Band_5,AvgTxPwr_23.75,PASS;
LTE_MaxPower, Band_7,AvgTxPwr_22.86,PASS;
LTE_MaxPower, Band_8,AvgTxPwr_23.28,PASS;
LTE_MaxPower, Band_28,AvgTxPwr_23.56,PASS;
LTE_MaxPower, Band_38,AvgTxPwr_10.25,Pass;
GSMBurstTiming, Band_EGSM,avgTxPwr_32.50,PASS;
@1

[2025-07-31 15:43:19.066]
D:\WorkSpace\Qualcomm_Platform\MesDemoDLL\MesDemo\bin\Debug\MesDemoConfig\MesDemoConfig.ini

[2025-07-31 15:43:19.068]
用户名：lixy1
密码：11111111
IP：10.10.30.38
Port：80
产品序列号：24A03600028

[2025-07-31 15:43:19.068]
目标文件夹：C:\Qualcomm\Log\LIXY1-2025_07_31-Qualcomm_P20_AU_CALLOSS

[2025-07-31 15:43:19.068]
找到修改时间在两分钟以内的最新xml文件：C:\Qualcomm\Log\LIXY1-2025_07_31-Qualcomm_P20_AU_CALLOSS\UserDefine-24A03600028-2025_06_25_14_13_08_836--00_P.xml

[2025-07-31 15:43:19.069]
从MesDemoConfig.ini中获取到NET数据格式：
 1\LTE_MaxPower
1\1\LTE_MaxPower
1\1\Band
1\2\Tx Power
1\2\AvgTxPwr


[2025-07-31 15:43:19.069]
从MesDemoConfig.ini中获取到NET数据格式：
 2\WCDMA_MaxOutputPower
2\1\UE_Power
2\1\Band
2\2\UE_Power
2\2\Tx Power


[2025-07-31 15:43:19.070]
从MesDemoConfig.ini中获取到NET数据格式：
 3\GSMBurstTiming
3\1\GSMBurstTiming
3\1\Band
3\2\GSMBurstTiming
3\2\avgTxPwr


[2025-07-31 15:43:19.070]
从MesDemoConfig.ini中获取到GPS数据格式：
 4\Radiated_GPS_Measure
4\1\Radiated_GPS_Measure
4\1\GPS_Mobile_reported_frequency
4\2\Radiated_GPS_Measure
4\2\GPS_Mobile_reported_C/No


[2025-07-31 15:43:19.071]
开始解析NET数据

[2025-07-31 15:43:19.072]
第1次查找：
  LTE_MaxPower:LTE_MaxPower:Band
  LTE_MaxPower:Tx Power:AvgTxPwr

[2025-07-31 15:43:19.073]
未找到Band和AvgTxPwr的匹配值 LTE_MaxPower:LTE_MaxPower:Band:Tx Power:AvgTxPwr

[2025-07-31 15:43:19.073]
第2次查找：
  WCDMA_MaxOutputPower:UE_Power:Band
  WCDMA_MaxOutputPower:UE_Power:Tx Power

[2025-07-31 15:43:19.073]
未找到Band和Tx Power的匹配值 WCDMA_MaxOutputPower:UE_Power:Band:UE_Power:Tx Power

[2025-07-31 15:43:19.074]
第3次查找：
  GSMBurstTiming:GSMBurstTiming:Band
  GSMBurstTiming:GSMBurstTiming:avgTxPwr

[2025-07-31 15:43:19.074]
未找到Band和avgTxPwr的匹配值 GSMBurstTiming:GSMBurstTiming:Band:GSMBurstTiming:avgTxPwr

[2025-07-31 15:43:19.074]
开始解析GPS数据

[2025-07-31 15:43:19.075]
第1次查找：
  Radiated_GPS_Measure:Radiated_GPS_Measure:GPS_Mobile_reported_frequency
  Radiated_GPS_Measure:Radiated_GPS_Measure:GPS_Mobile_reported_C/No

[2025-07-31 15:43:19.075]
Radiated_GPS_Measure, GPS_Mobile_reported_frequency_99.923,GPS_Mobile_reported_C/No_45.4,PASS;


[2025-07-31 15:43:19.076]
找到数据如下：
Radiated_GPS_Measure, GPS_Mobile_reported_frequency_99.923,GPS_Mobile_reported_C/No_45.4,PASS;


[2025-07-31 15:43:19.077]
开始上传数据

[2025-07-31 15:43:19.077]
密码加密：456E632D53656E732D496E666F2D41003031303108000000B9708B8B0800000055A63B23A88FF5EB

[2025-07-31 15:43:19.140]
{"isok":"true","num":"0","succeednum":"0","failnum":"0","statecodeid":"0","extdata":"{\"barcodesn\":\"24a03600028\",\"summonsnumber\":\"24a036\",\"materialcode\":\"yg01002427\",\"terminalsn\":\"\",\"customerserialnumber\":\"\",\"psamid\":\"\",\"tusn\":\"\",\"sntype\":\"0\"}"}

[2025-07-31 15:43:19.157]
数据上传成功：
2025-07-31 15:43:19@RF Test@@Radiated_GPS_Measure, GPS_Mobile_reported_frequency_99.923,GPS_Mobile_reported_C/No_45.4,PASS;
@1

[2025-07-31 15:44:01.938]
D:\WorkSpace\Qualcomm_Platform\MesDemoDLL\MesDemo\bin\Debug\MesDemoConfig\MesDemoConfig.ini

[2025-07-31 15:44:01.939]
用户名：lixy1
密码：11111111
IP：10.10.30.38
Port：80
产品序列号：24A03600028

[2025-07-31 15:44:01.941]
目标文件夹：C:\Qualcomm\Log\LIXY1-2025_07_31-Qualcomm_P20_AU_CALLOSS

[2025-07-31 15:44:01.942]
找到修改时间在两分钟以内的最新xml文件：C:\Qualcomm\Log\LIXY1-2025_07_31-Qualcomm_P20_AU_CALLOSS\UserDefine-24A03600028-2025_06_25_14_13_08_836--00_P.xml

[2025-07-31 15:44:01.943]
从MesDemoConfig.ini中获取到NET数据格式：
 1\LTE_MaxPower
1\1\LTE_MaxPower
1\1\Band
1\2\Tx Power
1\2\AvgTxPwr


[2025-07-31 15:44:01.944]
从MesDemoConfig.ini中获取到NET数据格式：
 2\WCDMA_MaxOutputPower
2\1\UE_Power
2\1\Band
2\2\UE_Power
2\2\Tx Power


[2025-07-31 15:44:01.944]
从MesDemoConfig.ini中获取到NET数据格式：
 3\GSMBurstTiming
3\1\GSMBurstTiming
3\1\Band
3\2\GSMBurstTiming
3\2\avgTxPwr


[2025-07-31 15:44:01.945]
从MesDemoConfig.ini中获取到GPS数据格式：
 4\Radiated_GPS_Measure
4\1\Radiated_GPS_Measure
4\1\GPS_Mobile_reported_frequency
4\2\Radiated_GPS_Measure
4\2\GPS_Mobile_reported_C/No


[2025-07-31 15:44:01.945]
开始解析NET数据

[2025-07-31 15:44:01.946]
第1次查找：
  LTE_MaxPower:LTE_MaxPower:Band
  LTE_MaxPower:Tx Power:AvgTxPwr

[2025-07-31 15:44:01.947]
未找到Band和AvgTxPwr的匹配值 LTE_MaxPower:LTE_MaxPower:Band:Tx Power:AvgTxPwr

[2025-07-31 15:44:01.947]
第2次查找：
  WCDMA_MaxOutputPower:UE_Power:Band
  WCDMA_MaxOutputPower:UE_Power:Tx Power

[2025-07-31 15:44:01.947]
未找到Band和Tx Power的匹配值 WCDMA_MaxOutputPower:UE_Power:Band:UE_Power:Tx Power

[2025-07-31 15:44:01.948]
第3次查找：
  GSMBurstTiming:GSMBurstTiming:Band
  GSMBurstTiming:GSMBurstTiming:avgTxPwr

[2025-07-31 15:44:01.948]
未找到Band和avgTxPwr的匹配值 GSMBurstTiming:GSMBurstTiming:Band:GSMBurstTiming:avgTxPwr

[2025-07-31 15:44:01.949]
开始解析GPS数据

[2025-07-31 15:44:01.949]
第1次查找：
  Radiated_GPS_Measure:Radiated_GPS_Measure:GPS_Mobile_reported_frequency
  Radiated_GPS_Measure:Radiated_GPS_Measure:GPS_Mobile_reported_C/No

[2025-07-31 15:44:01.950]
Radiated_GPS_Measure, GPS_Mobile_reported_frequency_99.923,GPS_Mobile_reported_C/No_45.4,fail;


[2025-07-31 15:44:01.951]
找到数据如下：
Radiated_GPS_Measure, GPS_Mobile_reported_frequency_99.923,GPS_Mobile_reported_C/No_45.4,fail;


[2025-07-31 15:44:01.951]
开始上传数据

[2025-07-31 15:44:01.951]
密码加密：456E632D53656E732D496E666F2D41003031303108000000B9708B8B0800000055A63B23A88FF5EB

[2025-07-31 15:44:02.014]
{"isok":"true","num":"0","succeednum":"0","failnum":"0","statecodeid":"0","extdata":"{\"barcodesn\":\"24a03600028\",\"summonsnumber\":\"24a036\",\"materialcode\":\"yg01002427\",\"terminalsn\":\"\",\"customerserialnumber\":\"\",\"psamid\":\"\",\"tusn\":\"\",\"sntype\":\"0\"}"}

[2025-07-31 15:44:02.015]
数据上传成功：
2025-07-31 15:44:01@RF Test@@Radiated_GPS_Measure, GPS_Mobile_reported_frequency_99.923,GPS_Mobile_reported_C/No_45.4,fail;
@0

