[2025-07-04 16:25:41.944]
lixy1
11111112
10.10.30.38
80
产品序列号：24A03600028


[2025-07-04 16:25:41.945]
耦合测试未通过，停止工序id上传

[2025-07-04 16:27:41.453]
用户名：lixy1
密码：11111111
IP：10.10.30.38
Port：80
产品序列号：24A03600028


[2025-07-04 16:27:41.454]
耦合测试未通过，停止工序id上传

[2025-07-04 16:28:04.879]
用户名：lixy1
密码：11111111
IP：10.10.30.38
Port：80
产品序列号：24A03600028


[2025-07-04 16:28:04.881]
开始获取传票号

[2025-07-04 16:28:04.882]
密码加密：456E632D53656E732D496E666F2D41003031303108000000B9708B8B0800000055A63B23A88FF5EB

[2025-07-04 16:28:05.005]
获取到传票号：24A036

[2025-07-04 16:28:05.006]
开始上传工序id

[2025-07-04 16:28:05.007]
密码加密：456E632D53656E732D496E666F2D41003031303108000000B9708B8B0800000055A63B23A88FF5EB

[2025-07-04 16:28:05.214]
工序id上传成功,id:da91867f-4b67-4e72-ab35-495d2b62afe3

[2025-07-04 16:32:14.299]
用户名：lixy1
密码：11111111
IP：10.10.30.38
Port：80
产品序列号：2


[2025-07-04 16:32:14.300]
耦合测试未通过，停止工序id上传

[2025-07-04 17:05:11.201]
用户名：lixy1
密码：11111111
IP：10.10.30.38
Port：80
产品序列号：1


[2025-07-04 17:05:11.202]
耦合测试未通过，停止工序id上传

