[2025-07-21 11:28:44.514]
用户名：lixy1
密码：11111111
IP：10.10.30.38
Port：80
产品序列号：24A03600028

[2025-07-21 11:28:44.515]
耦合测试未通过，停止工序id上传

[2025-07-21 11:30:05.249]
用户名：lixy1
密码：11111111
IP：10.10.30.38
Port：80
产品序列号：24A03600028

[2025-07-21 11:30:05.250]
开始获取传票号

[2025-07-21 11:30:05.251]
密码加密：456E632D53656E732D496E666F2D41003031303108000000B9708B8B0800000055A63B23A88FF5EB

[2025-07-21 11:30:05.371]
获取传票号失败：JSON parsing error: 未将对象引用设置到对象的实例。

[2025-07-21 11:34:08.834]
用户名：lixy1
密码：11111111
IP：10.10.30.38
Port：80
产品序列号：24A03600028

[2025-07-21 11:34:08.835]
开始获取传票号

[2025-07-21 11:34:08.835]
密码加密：456E632D53656E732D496E666F2D41003031303108000000B9708B8B0800000055A63B23A88FF5EB

[2025-07-21 11:34:08.927]
获取传票号失败：JSON parsing error: 未将对象引用设置到对象的实例。

[2025-07-21 11:35:11.706]
用户名：lixy1
密码：11111111
IP：10.10.30.38
Port：80
产品序列号：24A03600028

[2025-07-21 11:35:11.708]
开始获取传票号

[2025-07-21 11:35:11.708]
密码加密：456E632D53656E732D496E666F2D41003031303108000000B9708B8B0800000055A63B23A88FF5EB

[2025-07-21 11:35:11.785]
获取到传票号：24A036

[2025-07-21 11:35:11.787]
开始上传工序id

[2025-07-21 11:35:11.787]
密码加密：456E632D53656E732D496E666F2D41003031303108000000B9708B8B0800000055A63B23A88FF5EB

[2025-07-21 11:35:12.238]
上传工序id失败：24A03600028:序列号24A03600028,已经做过工序 [GATS-整机天线耦合测试] ,不能重复操作

[2025-07-21 11:39:25.594]
用户名：lixy1
密码：11111111
IP：10.10.30.38
Port：80
产品序列号：24A03600028

[2025-07-21 11:39:25.596]
开始获取传票号

[2025-07-21 11:39:25.596]
密码加密：456E632D53656E732D496E666F2D41003031303108000000B9708B8B0800000055A63B23A88FF5EB

[2025-07-21 11:39:25.701]
获取传票号失败：访问网址返回信息异常：
{"isok":"true","num":"0","succeednum":"0","failnum":"0","succeeddescription":"24a036","statecodeid":"0"}

[2025-07-21 11:40:12.485]
用户名：lixy1
密码：11111111
IP：10.10.30.38
Port：80
产品序列号：24A03600028

[2025-07-21 11:40:12.485]
耦合测试未通过，停止工序id上传

[2025-07-21 11:40:32.432]
用户名：lixy1
密码：11111111
IP：10.10.30.38
Port：80
产品序列号：24A03600028

[2025-07-21 11:40:32.433]
开始获取传票号

[2025-07-21 11:40:32.433]
密码加密：456E632D53656E732D496E666F2D41003031303108000000B9708B8B0800000055A63B23A88FF5EB

[2025-07-21 11:40:32.509]
获取传票号失败：JSON parsing error: 未将对象引用设置到对象的实例。

retMsg: {"isok":"true","num":"0","succeednum":"0","failnum":"0","succeeddescription":"24a036","statecodeid":"0"}

[2025-07-21 13:54:39.273]
用户名：lixy1
密码：11111111
IP：10.10.30.38
Port：80
产品序列号：24A03600028

[2025-07-21 13:54:39.277]
开始获取传票号

[2025-07-21 13:54:39.279]
密码加密：456E632D53656E732D496E666F2D41003031303108000000B9708B8B0800000055A63B23A88FF5EB

[2025-07-21 13:54:40.479]
获取传票号失败：访问网址返回信息异常：
{"isok":"true","num":"0","succeednum":"0","failnum":"0","succeeddescription":"24a036","statecodeid":"0"}

[2025-07-21 13:57:26.329]
用户名：lixy1
密码：11111111
IP：10.10.30.38
Port：80
产品序列号：24A03600028

[2025-07-21 13:57:26.329]
开始获取传票号

[2025-07-21 13:57:26.330]
密码加密：456E632D53656E732D496E666F2D41003031303108000000B9708B8B0800000055A63B23A88FF5EB

[2025-07-21 13:57:26.414]
获取到传票号：24a036

[2025-07-21 13:57:26.417]
开始上传工序id

[2025-07-21 13:57:26.417]
密码加密：456E632D53656E732D496E666F2D41003031303108000000B9708B8B0800000055A63B23A88FF5EB

[2025-07-21 13:57:27.560]
上传工序id失败：24a03600028:序列号24a03600028,已经做过工序 [gats-整机天线耦合测试] ,不能重复操作

