[2025-07-21 11:28:44.444]
D:\WorkSpace\Qualcomm_Platform\MesDemoDLL\MesDemo\bin\Debug\MesDemoConfig\MesDemoConfig.ini

[2025-07-21 11:28:44.445]
用户名：lixy1
密码：11111111
IP：10.10.30.38
Port：80
产品序列号：24A03600028

[2025-07-21 11:28:44.445]
目标文件夹：C:\Qualcomm\Log\LIXY1-2025_07_21-Qualcomm_P20_AU_CALLOSS

[2025-07-21 11:28:44.446]
错误：指定的文件夹不存在。

[2025-07-21 11:28:44.447]
未找到数据xml文件，停止上传

[2025-07-21 11:30:04.951]
D:\WorkSpace\Qualcomm_Platform\MesDemoDLL\MesDemo\bin\Debug\MesDemoConfig\MesDemoConfig.ini

[2025-07-21 11:30:04.951]
用户名：lixy1
密码：11111111
IP：10.10.30.38
Port：80
产品序列号：24A03600028

[2025-07-21 11:30:04.951]
目标文件夹：C:\Qualcomm\Log\LIXY1-2025_07_21-Qualcomm_P20_AU_CALLOSS

[2025-07-21 11:30:04.953]
找到修改时间在两分钟以内的最新xml文件：C:\Qualcomm\Log\LIXY1-2025_07_21-Qualcomm_P20_AU_CALLOSS\UserDefine-24A03600028-2025_06_25_11_26_55_991-GL-.xml

[2025-07-21 11:30:04.953]
从MesDemoConfig.ini中获取到NET数据格式：
 1\LTE_MaxPower
1\1\LTE_MaxPower
1\1\Band
1\2\Tx Power
1\2\AvgTxPwr


[2025-07-21 11:30:04.953]
从MesDemoConfig.ini中获取到NET数据格式：
 2\WCDMA_MaxOutputPower
2\1\UE_Power
2\1\Band
2\2\UE_Power
2\2\Tx Power


[2025-07-21 11:30:04.953]
从MesDemoConfig.ini中获取到NET数据格式：
 3\GSMBurstTiming
3\1\GSMBurstTiming
3\1\Band
3\2\GSMBurstTiming
3\2\avgTxPwr


[2025-07-21 11:30:04.953]
从MesDemoConfig.ini中获取到GPS数据格式：
 4\Radiated_GPS_Measure
4\1\Radiated_GPS_Measure
4\1\GPS_Mobile_reported_frequency
4\2\Radiated_GPS_Measure
4\2\GPS_Mobile_reported_C/No


[2025-07-21 11:30:04.955]
开始解析NET数据

[2025-07-21 11:30:04.955]
第1次查找：
  LTE_MaxPower:LTE_MaxPower:Band
  LTE_MaxPower:Tx Power:AvgTxPwr

[2025-07-21 11:30:04.956]
找到数据：LTE_MaxPower, Band_1,AvgTxPwr_13.93,FAIL;
找到数据：LTE_MaxPower, Band_2,AvgTxPwr_0.00,FAIL;
找到数据：LTE_MaxPower, Band_3,AvgTxPwr_22.47,PASS;
找到数据：LTE_MaxPower, Band_4,AvgTxPwr_-999.00,FAIL;
找到数据：LTE_MaxPower, Band_5,AvgTxPwr_21.89,PASS;
找到数据：LTE_MaxPower, Band_7,AvgTxPwr_24.84,PASS;
找到数据：LTE_MaxPower, Band_8,AvgTxPwr_21.77,PASS;
找到数据：LTE_MaxPower, Band_28,AvgTxPwr_19.66,FAIL;
找到数据：LTE_MaxPower, Band_38,AvgTxPwr_10.67,FAIL;


[2025-07-21 11:30:04.956]
第2次查找：
  WCDMA_MaxOutputPower:UE_Power:Band
  WCDMA_MaxOutputPower:UE_Power:Tx Power

[2025-07-21 11:30:04.956]
未找到Band和Tx Power的匹配值 WCDMA_MaxOutputPower:UE_Power:Band:UE_Power:Tx Power

[2025-07-21 11:30:04.957]
第3次查找：
  GSMBurstTiming:GSMBurstTiming:Band
  GSMBurstTiming:GSMBurstTiming:avgTxPwr

[2025-07-21 11:30:04.957]
找到数据：GSMBurstTiming, Band_EGSM,avgTxPwr_30.14,FAIL;


[2025-07-21 11:30:04.958]
开始解析GPS数据

[2025-07-21 11:30:04.958]
第1次查找：
  Radiated_GPS_Measure:Radiated_GPS_Measure:GPS_Mobile_reported_frequency
  Radiated_GPS_Measure:Radiated_GPS_Measure:GPS_Mobile_reported_C/No

[2025-07-21 11:30:04.959]
未找到GPS_Mobile_reported_frequency和GPS_Mobile_reported_C/No的匹配值 Radiated_GPS_Measure:Radiated_GPS_Measure:GPS_Mobile_reported_frequency:Radiated_GPS_Measure:GPS_Mobile_reported_C/No

[2025-07-21 11:30:04.959]
找到数据如下：
LTE_MaxPower, Band_1,AvgTxPwr_13.93,FAIL;
LTE_MaxPower, Band_2,AvgTxPwr_0.00,FAIL;
LTE_MaxPower, Band_3,AvgTxPwr_22.47,PASS;
LTE_MaxPower, Band_4,AvgTxPwr_-999.00,FAIL;
LTE_MaxPower, Band_5,AvgTxPwr_21.89,PASS;
LTE_MaxPower, Band_7,AvgTxPwr_24.84,PASS;
LTE_MaxPower, Band_8,AvgTxPwr_21.77,PASS;
LTE_MaxPower, Band_28,AvgTxPwr_19.66,FAIL;
LTE_MaxPower, Band_38,AvgTxPwr_10.67,FAIL;
GSMBurstTiming, Band_EGSM,avgTxPwr_30.14,FAIL;


[2025-07-21 11:30:04.965]
开始上传数据

[2025-07-21 11:30:04.974]
密码加密：456E632D53656E732D496E666F2D41003031303108000000B9708B8B0800000055A63B23A88FF5EB

[2025-07-21 11:30:05.202]
{"isok":"true","num":"0","succeednum":"0","failnum":"0","statecodeid":"0","extdata":"{\"barcodesn\":\"24a03600028\",\"summonsnumber\":\"24a036\",\"materialcode\":\"yg01002427\",\"terminalsn\":\"\",\"customerserialnumber\":\"\",\"psamid\":\"\",\"tusn\":\"\",\"sntype\":\"0\"}"}

[2025-07-21 11:30:05.203]
数据上传成功：
2025-07-21 11:30:04@RF Test@@LTE_MaxPower, Band_1,AvgTxPwr_13.93,FAIL;
LTE_MaxPower, Band_2,AvgTxPwr_0.00,FAIL;
LTE_MaxPower, Band_3,AvgTxPwr_22.47,PASS;
LTE_MaxPower, Band_4,AvgTxPwr_-999.00,FAIL;
LTE_MaxPower, Band_5,AvgTxPwr_21.89,PASS;
LTE_MaxPower, Band_7,AvgTxPwr_24.84,PASS;
LTE_MaxPower, Band_8,AvgTxPwr_21.77,PASS;
LTE_MaxPower, Band_28,AvgTxPwr_19.66,FAIL;
LTE_MaxPower, Band_38,AvgTxPwr_10.67,FAIL;
GSMBurstTiming, Band_EGSM,avgTxPwr_30.14,FAIL;
@0

[2025-07-21 11:34:08.688]
D:\WorkSpace\Qualcomm_Platform\MesDemoDLL\MesDemo\bin\Debug\MesDemoConfig\MesDemoConfig.ini

[2025-07-21 11:34:08.689]
用户名：lixy1
密码：11111111
IP：10.10.30.38
Port：80
产品序列号：24A03600028

[2025-07-21 11:34:08.689]
目标文件夹：C:\Qualcomm\Log\LIXY1-2025_07_21-Qualcomm_P20_AU_CALLOSS

[2025-07-21 11:34:08.691]
找到修改时间在两分钟以内的最新xml文件：C:\Qualcomm\Log\LIXY1-2025_07_21-Qualcomm_P20_AU_CALLOSS\UserDefine-24A03600028-2025_06_25_11_26_55_991-GL-.xml

[2025-07-21 11:34:08.691]
从MesDemoConfig.ini中获取到NET数据格式：
 1\LTE_MaxPower
1\1\LTE_MaxPower
1\1\Band
1\2\Tx Power
1\2\AvgTxPwr


[2025-07-21 11:34:08.692]
从MesDemoConfig.ini中获取到NET数据格式：
 2\WCDMA_MaxOutputPower
2\1\UE_Power
2\1\Band
2\2\UE_Power
2\2\Tx Power


[2025-07-21 11:34:08.692]
从MesDemoConfig.ini中获取到NET数据格式：
 3\GSMBurstTiming
3\1\GSMBurstTiming
3\1\Band
3\2\GSMBurstTiming
3\2\avgTxPwr


[2025-07-21 11:34:08.692]
从MesDemoConfig.ini中获取到GPS数据格式：
 4\Radiated_GPS_Measure
4\1\Radiated_GPS_Measure
4\1\GPS_Mobile_reported_frequency
4\2\Radiated_GPS_Measure
4\2\GPS_Mobile_reported_C/No


[2025-07-21 11:34:08.694]
开始解析NET数据

[2025-07-21 11:34:08.695]
第1次查找：
  LTE_MaxPower:LTE_MaxPower:Band
  LTE_MaxPower:Tx Power:AvgTxPwr

[2025-07-21 11:34:08.695]
找到数据：LTE_MaxPower, Band_1,AvgTxPwr_13.93,FAIL;
找到数据：LTE_MaxPower, Band_2,AvgTxPwr_0.00,FAIL;
找到数据：LTE_MaxPower, Band_3,AvgTxPwr_22.47,PASS;
找到数据：LTE_MaxPower, Band_4,AvgTxPwr_-999.00,FAIL;
找到数据：LTE_MaxPower, Band_5,AvgTxPwr_21.89,PASS;
找到数据：LTE_MaxPower, Band_7,AvgTxPwr_24.84,PASS;
找到数据：LTE_MaxPower, Band_8,AvgTxPwr_21.77,PASS;
找到数据：LTE_MaxPower, Band_28,AvgTxPwr_19.66,FAIL;
找到数据：LTE_MaxPower, Band_38,AvgTxPwr_10.67,FAIL;


[2025-07-21 11:34:08.696]
第2次查找：
  WCDMA_MaxOutputPower:UE_Power:Band
  WCDMA_MaxOutputPower:UE_Power:Tx Power

[2025-07-21 11:34:08.696]
未找到Band和Tx Power的匹配值 WCDMA_MaxOutputPower:UE_Power:Band:UE_Power:Tx Power

[2025-07-21 11:34:08.696]
第3次查找：
  GSMBurstTiming:GSMBurstTiming:Band
  GSMBurstTiming:GSMBurstTiming:avgTxPwr

[2025-07-21 11:34:08.696]
找到数据：GSMBurstTiming, Band_EGSM,avgTxPwr_30.14,FAIL;


[2025-07-21 11:34:08.697]
开始解析GPS数据

[2025-07-21 11:34:08.698]
第1次查找：
  Radiated_GPS_Measure:Radiated_GPS_Measure:GPS_Mobile_reported_frequency
  Radiated_GPS_Measure:Radiated_GPS_Measure:GPS_Mobile_reported_C/No

[2025-07-21 11:34:08.698]
未找到GPS_Mobile_reported_frequency和GPS_Mobile_reported_C/No的匹配值 Radiated_GPS_Measure:Radiated_GPS_Measure:GPS_Mobile_reported_frequency:Radiated_GPS_Measure:GPS_Mobile_reported_C/No

[2025-07-21 11:34:08.698]
找到数据如下：
LTE_MaxPower, Band_1,AvgTxPwr_13.93,FAIL;
LTE_MaxPower, Band_2,AvgTxPwr_0.00,FAIL;
LTE_MaxPower, Band_3,AvgTxPwr_22.47,PASS;
LTE_MaxPower, Band_4,AvgTxPwr_-999.00,FAIL;
LTE_MaxPower, Band_5,AvgTxPwr_21.89,PASS;
LTE_MaxPower, Band_7,AvgTxPwr_24.84,PASS;
LTE_MaxPower, Band_8,AvgTxPwr_21.77,PASS;
LTE_MaxPower, Band_28,AvgTxPwr_19.66,FAIL;
LTE_MaxPower, Band_38,AvgTxPwr_10.67,FAIL;
GSMBurstTiming, Band_EGSM,avgTxPwr_30.14,FAIL;


[2025-07-21 11:34:08.701]
开始上传数据

[2025-07-21 11:34:08.702]
密码加密：456E632D53656E732D496E666F2D41003031303108000000B9708B8B0800000055A63B23A88FF5EB

[2025-07-21 11:34:08.815]
{"isok":"true","num":"0","succeednum":"0","failnum":"0","statecodeid":"0","extdata":"{\"barcodesn\":\"24a03600028\",\"summonsnumber\":\"24a036\",\"materialcode\":\"yg01002427\",\"terminalsn\":\"\",\"customerserialnumber\":\"\",\"psamid\":\"\",\"tusn\":\"\",\"sntype\":\"0\"}"}

[2025-07-21 11:34:08.815]
数据上传成功：
2025-07-21 11:34:08@RF Test@@LTE_MaxPower, Band_1,AvgTxPwr_13.93,FAIL;
LTE_MaxPower, Band_2,AvgTxPwr_0.00,FAIL;
LTE_MaxPower, Band_3,AvgTxPwr_22.47,PASS;
LTE_MaxPower, Band_4,AvgTxPwr_-999.00,FAIL;
LTE_MaxPower, Band_5,AvgTxPwr_21.89,PASS;
LTE_MaxPower, Band_7,AvgTxPwr_24.84,PASS;
LTE_MaxPower, Band_8,AvgTxPwr_21.77,PASS;
LTE_MaxPower, Band_28,AvgTxPwr_19.66,FAIL;
LTE_MaxPower, Band_38,AvgTxPwr_10.67,FAIL;
GSMBurstTiming, Band_EGSM,avgTxPwr_30.14,FAIL;
@0

[2025-07-21 11:35:11.525]
D:\WorkSpace\Qualcomm_Platform\MesDemoDLL\MesDemo\bin\Debug\MesDemoConfig\MesDemoConfig.ini

[2025-07-21 11:35:11.525]
用户名：lixy1
密码：11111111
IP：10.10.30.38
Port：80
产品序列号：24A03600028

[2025-07-21 11:35:11.526]
目标文件夹：C:\Qualcomm\Log\LIXY1-2025_07_21-Qualcomm_P20_AU_CALLOSS

[2025-07-21 11:35:11.527]
找到修改时间在两分钟以内的最新xml文件：C:\Qualcomm\Log\LIXY1-2025_07_21-Qualcomm_P20_AU_CALLOSS\UserDefine-24A03600028-2025_06_25_11_26_55_991-GL-.xml

[2025-07-21 11:35:11.527]
从MesDemoConfig.ini中获取到NET数据格式：
 1\LTE_MaxPower
1\1\LTE_MaxPower
1\1\Band
1\2\Tx Power
1\2\AvgTxPwr


[2025-07-21 11:35:11.528]
从MesDemoConfig.ini中获取到NET数据格式：
 2\WCDMA_MaxOutputPower
2\1\UE_Power
2\1\Band
2\2\UE_Power
2\2\Tx Power


[2025-07-21 11:35:11.528]
从MesDemoConfig.ini中获取到NET数据格式：
 3\GSMBurstTiming
3\1\GSMBurstTiming
3\1\Band
3\2\GSMBurstTiming
3\2\avgTxPwr


[2025-07-21 11:35:11.528]
从MesDemoConfig.ini中获取到GPS数据格式：
 4\Radiated_GPS_Measure
4\1\Radiated_GPS_Measure
4\1\GPS_Mobile_reported_frequency
4\2\Radiated_GPS_Measure
4\2\GPS_Mobile_reported_C/No


[2025-07-21 11:35:11.529]
开始解析NET数据

[2025-07-21 11:35:11.530]
第1次查找：
  LTE_MaxPower:LTE_MaxPower:Band
  LTE_MaxPower:Tx Power:AvgTxPwr

[2025-07-21 11:35:11.530]
找到数据：LTE_MaxPower, Band_1,AvgTxPwr_13.93,FAIL;
找到数据：LTE_MaxPower, Band_2,AvgTxPwr_0.00,FAIL;
找到数据：LTE_MaxPower, Band_3,AvgTxPwr_22.47,PASS;
找到数据：LTE_MaxPower, Band_4,AvgTxPwr_-999.00,FAIL;
找到数据：LTE_MaxPower, Band_5,AvgTxPwr_21.89,PASS;
找到数据：LTE_MaxPower, Band_7,AvgTxPwr_24.84,PASS;
找到数据：LTE_MaxPower, Band_8,AvgTxPwr_21.77,PASS;
找到数据：LTE_MaxPower, Band_28,AvgTxPwr_19.66,FAIL;
找到数据：LTE_MaxPower, Band_38,AvgTxPwr_10.67,FAIL;


[2025-07-21 11:35:11.531]
第2次查找：
  WCDMA_MaxOutputPower:UE_Power:Band
  WCDMA_MaxOutputPower:UE_Power:Tx Power

[2025-07-21 11:35:11.531]
未找到Band和Tx Power的匹配值 WCDMA_MaxOutputPower:UE_Power:Band:UE_Power:Tx Power

[2025-07-21 11:35:11.531]
第3次查找：
  GSMBurstTiming:GSMBurstTiming:Band
  GSMBurstTiming:GSMBurstTiming:avgTxPwr

[2025-07-21 11:35:11.531]
找到数据：GSMBurstTiming, Band_EGSM,avgTxPwr_30.14,FAIL;


[2025-07-21 11:35:11.532]
开始解析GPS数据

[2025-07-21 11:35:11.533]
第1次查找：
  Radiated_GPS_Measure:Radiated_GPS_Measure:GPS_Mobile_reported_frequency
  Radiated_GPS_Measure:Radiated_GPS_Measure:GPS_Mobile_reported_C/No

[2025-07-21 11:35:11.533]
未找到GPS_Mobile_reported_frequency和GPS_Mobile_reported_C/No的匹配值 Radiated_GPS_Measure:Radiated_GPS_Measure:GPS_Mobile_reported_frequency:Radiated_GPS_Measure:GPS_Mobile_reported_C/No

[2025-07-21 11:35:11.533]
找到数据如下：
LTE_MaxPower, Band_1,AvgTxPwr_13.93,FAIL;
LTE_MaxPower, Band_2,AvgTxPwr_0.00,FAIL;
LTE_MaxPower, Band_3,AvgTxPwr_22.47,PASS;
LTE_MaxPower, Band_4,AvgTxPwr_-999.00,FAIL;
LTE_MaxPower, Band_5,AvgTxPwr_21.89,PASS;
LTE_MaxPower, Band_7,AvgTxPwr_24.84,PASS;
LTE_MaxPower, Band_8,AvgTxPwr_21.77,PASS;
LTE_MaxPower, Band_28,AvgTxPwr_19.66,FAIL;
LTE_MaxPower, Band_38,AvgTxPwr_10.67,FAIL;
GSMBurstTiming, Band_EGSM,avgTxPwr_30.14,FAIL;


[2025-07-21 11:35:11.539]
开始上传数据

[2025-07-21 11:35:11.540]
密码加密：456E632D53656E732D496E666F2D41003031303108000000B9708B8B0800000055A63B23A88FF5EB

[2025-07-21 11:35:11.647]
{"IsOK":"true","Num":"0","SucceedNum":"0","FailNum":"0","StateCodeID":"0","ExtData":"{\"BarCodeSn\":\"24A03600028\",\"SummonsNumber\":\"24A036\",\"MaterialCode\":\"YG01002427\",\"TerminalSn\":\"\",\"CustomerSerialNumber\":\"\",\"PsamId\":\"\",\"Tusn\":\"\",\"SNType\":\"0\"}"}

[2025-07-21 11:35:11.647]
数据上传成功：
2025-07-21 11:35:11@RF Test@@LTE_MaxPower, Band_1,AvgTxPwr_13.93,FAIL;
LTE_MaxPower, Band_2,AvgTxPwr_0.00,FAIL;
LTE_MaxPower, Band_3,AvgTxPwr_22.47,PASS;
LTE_MaxPower, Band_4,AvgTxPwr_-999.00,FAIL;
LTE_MaxPower, Band_5,AvgTxPwr_21.89,PASS;
LTE_MaxPower, Band_7,AvgTxPwr_24.84,PASS;
LTE_MaxPower, Band_8,AvgTxPwr_21.77,PASS;
LTE_MaxPower, Band_28,AvgTxPwr_19.66,FAIL;
LTE_MaxPower, Band_38,AvgTxPwr_10.67,FAIL;
GSMBurstTiming, Band_EGSM,avgTxPwr_30.14,FAIL;
@0

[2025-07-21 11:39:24.903]
D:\WorkSpace\Qualcomm_Platform\MesDemoDLL\MesDemo\bin\Debug\MesDemoConfig\MesDemoConfig.ini

[2025-07-21 11:39:24.904]
用户名：lixy1
密码：11111111
IP：10.10.30.38
Port：80
产品序列号：24A03600028

[2025-07-21 11:39:24.904]
目标文件夹：C:\Qualcomm\Log\LIXY1-2025_07_21-Qualcomm_P20_AU_CALLOSS

[2025-07-21 11:39:24.905]
找到修改时间在两分钟以内的最新xml文件：C:\Qualcomm\Log\LIXY1-2025_07_21-Qualcomm_P20_AU_CALLOSS\UserDefine-24A03600028-2025_06_25_11_26_55_991-GL-.xml

[2025-07-21 11:39:24.906]
从MesDemoConfig.ini中获取到NET数据格式：
 1\LTE_MaxPower
1\1\LTE_MaxPower
1\1\Band
1\2\Tx Power
1\2\AvgTxPwr


[2025-07-21 11:39:24.906]
从MesDemoConfig.ini中获取到NET数据格式：
 2\WCDMA_MaxOutputPower
2\1\UE_Power
2\1\Band
2\2\UE_Power
2\2\Tx Power


[2025-07-21 11:39:24.906]
从MesDemoConfig.ini中获取到NET数据格式：
 3\GSMBurstTiming
3\1\GSMBurstTiming
3\1\Band
3\2\GSMBurstTiming
3\2\avgTxPwr


[2025-07-21 11:39:24.906]
从MesDemoConfig.ini中获取到GPS数据格式：
 4\Radiated_GPS_Measure
4\1\Radiated_GPS_Measure
4\1\GPS_Mobile_reported_frequency
4\2\Radiated_GPS_Measure
4\2\GPS_Mobile_reported_C/No


[2025-07-21 11:39:24.908]
开始解析NET数据

[2025-07-21 11:39:24.909]
第1次查找：
  LTE_MaxPower:LTE_MaxPower:Band
  LTE_MaxPower:Tx Power:AvgTxPwr

[2025-07-21 11:39:24.909]
找到数据：LTE_MaxPower, Band_1,AvgTxPwr_13.93,FAIL;
找到数据：LTE_MaxPower, Band_2,AvgTxPwr_0.00,FAIL;
找到数据：LTE_MaxPower, Band_3,AvgTxPwr_22.47,PASS;
找到数据：LTE_MaxPower, Band_4,AvgTxPwr_-999.00,FAIL;
找到数据：LTE_MaxPower, Band_5,AvgTxPwr_21.89,PASS;
找到数据：LTE_MaxPower, Band_7,AvgTxPwr_24.84,PASS;
找到数据：LTE_MaxPower, Band_8,AvgTxPwr_21.77,PASS;
找到数据：LTE_MaxPower, Band_28,AvgTxPwr_19.66,FAIL;
找到数据：LTE_MaxPower, Band_38,AvgTxPwr_10.67,FAIL;


[2025-07-21 11:39:24.909]
第2次查找：
  WCDMA_MaxOutputPower:UE_Power:Band
  WCDMA_MaxOutputPower:UE_Power:Tx Power

[2025-07-21 11:39:24.909]
未找到Band和Tx Power的匹配值 WCDMA_MaxOutputPower:UE_Power:Band:UE_Power:Tx Power

[2025-07-21 11:39:24.909]
第3次查找：
  GSMBurstTiming:GSMBurstTiming:Band
  GSMBurstTiming:GSMBurstTiming:avgTxPwr

[2025-07-21 11:39:24.909]
找到数据：GSMBurstTiming, Band_EGSM,avgTxPwr_30.14,FAIL;


[2025-07-21 11:39:24.910]
开始解析GPS数据

[2025-07-21 11:39:24.911]
第1次查找：
  Radiated_GPS_Measure:Radiated_GPS_Measure:GPS_Mobile_reported_frequency
  Radiated_GPS_Measure:Radiated_GPS_Measure:GPS_Mobile_reported_C/No

[2025-07-21 11:39:24.911]
未找到GPS_Mobile_reported_frequency和GPS_Mobile_reported_C/No的匹配值 Radiated_GPS_Measure:Radiated_GPS_Measure:GPS_Mobile_reported_frequency:Radiated_GPS_Measure:GPS_Mobile_reported_C/No

[2025-07-21 11:39:24.911]
找到数据如下：
LTE_MaxPower, Band_1,AvgTxPwr_13.93,FAIL;
LTE_MaxPower, Band_2,AvgTxPwr_0.00,FAIL;
LTE_MaxPower, Band_3,AvgTxPwr_22.47,PASS;
LTE_MaxPower, Band_4,AvgTxPwr_-999.00,FAIL;
LTE_MaxPower, Band_5,AvgTxPwr_21.89,PASS;
LTE_MaxPower, Band_7,AvgTxPwr_24.84,PASS;
LTE_MaxPower, Band_8,AvgTxPwr_21.77,PASS;
LTE_MaxPower, Band_28,AvgTxPwr_19.66,FAIL;
LTE_MaxPower, Band_38,AvgTxPwr_10.67,FAIL;
GSMBurstTiming, Band_EGSM,avgTxPwr_30.14,FAIL;


[2025-07-21 11:39:24.914]
开始上传数据

[2025-07-21 11:39:24.915]
密码加密：456E632D53656E732D496E666F2D41003031303108000000B9708B8B0800000055A63B23A88FF5EB

[2025-07-21 11:39:25.552]
{"isok":"true","num":"0","succeednum":"0","failnum":"0","statecodeid":"0","extdata":"{\"barcodesn\":\"24a03600028\",\"summonsnumber\":\"24a036\",\"materialcode\":\"yg01002427\",\"terminalsn\":\"\",\"customerserialnumber\":\"\",\"psamid\":\"\",\"tusn\":\"\",\"sntype\":\"0\"}"}

[2025-07-21 11:39:25.552]
数据上传成功：
2025-07-21 11:39:24@RF Test@@LTE_MaxPower, Band_1,AvgTxPwr_13.93,FAIL;
LTE_MaxPower, Band_2,AvgTxPwr_0.00,FAIL;
LTE_MaxPower, Band_3,AvgTxPwr_22.47,PASS;
LTE_MaxPower, Band_4,AvgTxPwr_-999.00,FAIL;
LTE_MaxPower, Band_5,AvgTxPwr_21.89,PASS;
LTE_MaxPower, Band_7,AvgTxPwr_24.84,PASS;
LTE_MaxPower, Band_8,AvgTxPwr_21.77,PASS;
LTE_MaxPower, Band_28,AvgTxPwr_19.66,FAIL;
LTE_MaxPower, Band_38,AvgTxPwr_10.67,FAIL;
GSMBurstTiming, Band_EGSM,avgTxPwr_30.14,FAIL;
@0

[2025-07-21 11:40:12.422]
D:\WorkSpace\Qualcomm_Platform\MesDemoDLL\MesDemo\bin\Debug\MesDemoConfig\MesDemoConfig.ini

[2025-07-21 11:40:12.423]
用户名：lixy1
密码：11111111
IP：10.10.30.38
Port：80
产品序列号：24A03600028

[2025-07-21 11:40:12.423]
目标文件夹：C:\Qualcomm\Log\LIXY1-2025_07_21-Qualcomm_P20_AU_CALLOSS

[2025-07-21 11:40:12.425]
找到修改时间在两分钟以内的最新xml文件：C:\Qualcomm\Log\LIXY1-2025_07_21-Qualcomm_P20_AU_CALLOSS\UserDefine-24A03600028-2025_07_21-11_39_25_804--.xml

[2025-07-21 11:40:12.425]
从MesDemoConfig.ini中获取到NET数据格式：
 1\LTE_MaxPower
1\1\LTE_MaxPower
1\1\Band
1\2\Tx Power
1\2\AvgTxPwr


[2025-07-21 11:40:12.425]
从MesDemoConfig.ini中获取到NET数据格式：
 2\WCDMA_MaxOutputPower
2\1\UE_Power
2\1\Band
2\2\UE_Power
2\2\Tx Power


[2025-07-21 11:40:12.425]
从MesDemoConfig.ini中获取到NET数据格式：
 3\GSMBurstTiming
3\1\GSMBurstTiming
3\1\Band
3\2\GSMBurstTiming
3\2\avgTxPwr


[2025-07-21 11:40:12.425]
从MesDemoConfig.ini中获取到GPS数据格式：
 4\Radiated_GPS_Measure
4\1\Radiated_GPS_Measure
4\1\GPS_Mobile_reported_frequency
4\2\Radiated_GPS_Measure
4\2\GPS_Mobile_reported_C/No


[2025-07-21 11:40:12.428]
开始解析NET数据

[2025-07-21 11:40:12.428]
第1次查找：
  LTE_MaxPower:LTE_MaxPower:Band
  LTE_MaxPower:Tx Power:AvgTxPwr

[2025-07-21 11:40:12.428]
未找到Band和AvgTxPwr的匹配值 LTE_MaxPower:LTE_MaxPower:Band:Tx Power:AvgTxPwr

[2025-07-21 11:40:12.429]
第2次查找：
  WCDMA_MaxOutputPower:UE_Power:Band
  WCDMA_MaxOutputPower:UE_Power:Tx Power

[2025-07-21 11:40:12.429]
未找到Band和Tx Power的匹配值 WCDMA_MaxOutputPower:UE_Power:Band:UE_Power:Tx Power

[2025-07-21 11:40:12.429]
第3次查找：
  GSMBurstTiming:GSMBurstTiming:Band
  GSMBurstTiming:GSMBurstTiming:avgTxPwr

[2025-07-21 11:40:12.429]
未找到Band和avgTxPwr的匹配值 GSMBurstTiming:GSMBurstTiming:Band:GSMBurstTiming:avgTxPwr

[2025-07-21 11:40:12.430]
开始解析GPS数据

[2025-07-21 11:40:12.430]
第1次查找：
  Radiated_GPS_Measure:Radiated_GPS_Measure:GPS_Mobile_reported_frequency
  Radiated_GPS_Measure:Radiated_GPS_Measure:GPS_Mobile_reported_C/No

[2025-07-21 11:40:12.430]
未找到GPS_Mobile_reported_frequency和GPS_Mobile_reported_C/No的匹配值 Radiated_GPS_Measure:Radiated_GPS_Measure:GPS_Mobile_reported_frequency:Radiated_GPS_Measure:GPS_Mobile_reported_C/No

[2025-07-21 11:40:12.430]
找到数据如下：


[2025-07-21 11:40:12.430]
数据为空，停止上传

[2025-07-21 11:40:32.257]
D:\WorkSpace\Qualcomm_Platform\MesDemoDLL\MesDemo\bin\Debug\MesDemoConfig\MesDemoConfig.ini

[2025-07-21 11:40:32.257]
用户名：lixy1
密码：11111111
IP：10.10.30.38
Port：80
产品序列号：24A03600028

[2025-07-21 11:40:32.259]
目标文件夹：C:\Qualcomm\Log\LIXY1-2025_07_21-Qualcomm_P20_AU_CALLOSS

[2025-07-21 11:40:32.259]
找到修改时间在两分钟以内的最新xml文件：C:\Qualcomm\Log\LIXY1-2025_07_21-Qualcomm_P20_AU_CALLOSS\UserDefine-24A03600028-2025_06_25_11_26_55_991-GL-.xml

[2025-07-21 11:40:32.259]
从MesDemoConfig.ini中获取到NET数据格式：
 1\LTE_MaxPower
1\1\LTE_MaxPower
1\1\Band
1\2\Tx Power
1\2\AvgTxPwr


[2025-07-21 11:40:32.259]
从MesDemoConfig.ini中获取到NET数据格式：
 2\WCDMA_MaxOutputPower
2\1\UE_Power
2\1\Band
2\2\UE_Power
2\2\Tx Power


[2025-07-21 11:40:32.260]
从MesDemoConfig.ini中获取到NET数据格式：
 3\GSMBurstTiming
3\1\GSMBurstTiming
3\1\Band
3\2\GSMBurstTiming
3\2\avgTxPwr


[2025-07-21 11:40:32.260]
从MesDemoConfig.ini中获取到GPS数据格式：
 4\Radiated_GPS_Measure
4\1\Radiated_GPS_Measure
4\1\GPS_Mobile_reported_frequency
4\2\Radiated_GPS_Measure
4\2\GPS_Mobile_reported_C/No


[2025-07-21 11:40:32.260]
开始解析NET数据

[2025-07-21 11:40:32.261]
第1次查找：
  LTE_MaxPower:LTE_MaxPower:Band
  LTE_MaxPower:Tx Power:AvgTxPwr

[2025-07-21 11:40:32.263]
找到数据：LTE_MaxPower, Band_1,AvgTxPwr_13.93,FAIL;
找到数据：LTE_MaxPower, Band_2,AvgTxPwr_0.00,FAIL;
找到数据：LTE_MaxPower, Band_3,AvgTxPwr_22.47,PASS;
找到数据：LTE_MaxPower, Band_4,AvgTxPwr_-999.00,FAIL;
找到数据：LTE_MaxPower, Band_5,AvgTxPwr_21.89,PASS;
找到数据：LTE_MaxPower, Band_7,AvgTxPwr_24.84,PASS;
找到数据：LTE_MaxPower, Band_8,AvgTxPwr_21.77,PASS;
找到数据：LTE_MaxPower, Band_28,AvgTxPwr_19.66,FAIL;
找到数据：LTE_MaxPower, Band_38,AvgTxPwr_10.67,FAIL;


[2025-07-21 11:40:32.263]
第2次查找：
  WCDMA_MaxOutputPower:UE_Power:Band
  WCDMA_MaxOutputPower:UE_Power:Tx Power

[2025-07-21 11:40:32.263]
未找到Band和Tx Power的匹配值 WCDMA_MaxOutputPower:UE_Power:Band:UE_Power:Tx Power

[2025-07-21 11:40:32.263]
第3次查找：
  GSMBurstTiming:GSMBurstTiming:Band
  GSMBurstTiming:GSMBurstTiming:avgTxPwr

[2025-07-21 11:40:32.263]
找到数据：GSMBurstTiming, Band_EGSM,avgTxPwr_30.14,FAIL;


[2025-07-21 11:40:32.263]
开始解析GPS数据

[2025-07-21 11:40:32.263]
第1次查找：
  Radiated_GPS_Measure:Radiated_GPS_Measure:GPS_Mobile_reported_frequency
  Radiated_GPS_Measure:Radiated_GPS_Measure:GPS_Mobile_reported_C/No

[2025-07-21 11:40:32.263]
未找到GPS_Mobile_reported_frequency和GPS_Mobile_reported_C/No的匹配值 Radiated_GPS_Measure:Radiated_GPS_Measure:GPS_Mobile_reported_frequency:Radiated_GPS_Measure:GPS_Mobile_reported_C/No

[2025-07-21 11:40:32.263]
找到数据如下：
LTE_MaxPower, Band_1,AvgTxPwr_13.93,FAIL;
LTE_MaxPower, Band_2,AvgTxPwr_0.00,FAIL;
LTE_MaxPower, Band_3,AvgTxPwr_22.47,PASS;
LTE_MaxPower, Band_4,AvgTxPwr_-999.00,FAIL;
LTE_MaxPower, Band_5,AvgTxPwr_21.89,PASS;
LTE_MaxPower, Band_7,AvgTxPwr_24.84,PASS;
LTE_MaxPower, Band_8,AvgTxPwr_21.77,PASS;
LTE_MaxPower, Band_28,AvgTxPwr_19.66,FAIL;
LTE_MaxPower, Band_38,AvgTxPwr_10.67,FAIL;
GSMBurstTiming, Band_EGSM,avgTxPwr_30.14,FAIL;


[2025-07-21 11:40:32.266]
开始上传数据

[2025-07-21 11:40:32.268]
密码加密：456E632D53656E732D496E666F2D41003031303108000000B9708B8B0800000055A63B23A88FF5EB

[2025-07-21 11:40:32.387]
{"isok":"true","num":"0","succeednum":"0","failnum":"0","statecodeid":"0","extdata":"{\"barcodesn\":\"24a03600028\",\"summonsnumber\":\"24a036\",\"materialcode\":\"yg01002427\",\"terminalsn\":\"\",\"customerserialnumber\":\"\",\"psamid\":\"\",\"tusn\":\"\",\"sntype\":\"0\"}"}

[2025-07-21 11:40:32.387]
数据上传成功：
2025-07-21 11:40:32@RF Test@@LTE_MaxPower, Band_1,AvgTxPwr_13.93,FAIL;
LTE_MaxPower, Band_2,AvgTxPwr_0.00,FAIL;
LTE_MaxPower, Band_3,AvgTxPwr_22.47,PASS;
LTE_MaxPower, Band_4,AvgTxPwr_-999.00,FAIL;
LTE_MaxPower, Band_5,AvgTxPwr_21.89,PASS;
LTE_MaxPower, Band_7,AvgTxPwr_24.84,PASS;
LTE_MaxPower, Band_8,AvgTxPwr_21.77,PASS;
LTE_MaxPower, Band_28,AvgTxPwr_19.66,FAIL;
LTE_MaxPower, Band_38,AvgTxPwr_10.67,FAIL;
GSMBurstTiming, Band_EGSM,avgTxPwr_30.14,FAIL;
@0

[2025-07-21 13:57:25.838]
D:\WorkSpace\Qualcomm_Platform\MesDemoDLL\MesDemo\bin\Debug\MesDemoConfig\MesDemoConfig.ini

[2025-07-21 13:57:25.840]
用户名：lixy1
密码：11111111
IP：10.10.30.38
Port：80
产品序列号：24A03600028

[2025-07-21 13:57:25.840]
目标文件夹：C:\Qualcomm\Log\LIXY1-2025_07_21-Qualcomm_P20_AU_CALLOSS

[2025-07-21 13:57:25.841]
找到修改时间在两分钟以内的最新xml文件：C:\Qualcomm\Log\LIXY1-2025_07_21-Qualcomm_P20_AU_CALLOSS\UserDefine-24A03600028-2025_06_25_11_26_55_991-GL-.xml

[2025-07-21 13:57:25.841]
从MesDemoConfig.ini中获取到NET数据格式：
 1\LTE_MaxPower
1\1\LTE_MaxPower
1\1\Band
1\2\Tx Power
1\2\AvgTxPwr


[2025-07-21 13:57:25.841]
从MesDemoConfig.ini中获取到NET数据格式：
 2\WCDMA_MaxOutputPower
2\1\UE_Power
2\1\Band
2\2\UE_Power
2\2\Tx Power


[2025-07-21 13:57:25.841]
从MesDemoConfig.ini中获取到NET数据格式：
 3\GSMBurstTiming
3\1\GSMBurstTiming
3\1\Band
3\2\GSMBurstTiming
3\2\avgTxPwr


[2025-07-21 13:57:25.842]
从MesDemoConfig.ini中获取到GPS数据格式：
 4\Radiated_GPS_Measure
4\1\Radiated_GPS_Measure
4\1\GPS_Mobile_reported_frequency
4\2\Radiated_GPS_Measure
4\2\GPS_Mobile_reported_C/No


[2025-07-21 13:57:25.843]
开始解析NET数据

[2025-07-21 13:57:25.845]
第1次查找：
  LTE_MaxPower:LTE_MaxPower:Band
  LTE_MaxPower:Tx Power:AvgTxPwr

[2025-07-21 13:57:25.845]
找到数据：LTE_MaxPower, Band_1,AvgTxPwr_13.93,FAIL;
找到数据：LTE_MaxPower, Band_2,AvgTxPwr_0.00,FAIL;
找到数据：LTE_MaxPower, Band_3,AvgTxPwr_22.47,PASS;
找到数据：LTE_MaxPower, Band_4,AvgTxPwr_-999.00,FAIL;
找到数据：LTE_MaxPower, Band_5,AvgTxPwr_21.89,PASS;
找到数据：LTE_MaxPower, Band_7,AvgTxPwr_24.84,PASS;
找到数据：LTE_MaxPower, Band_8,AvgTxPwr_21.77,PASS;
找到数据：LTE_MaxPower, Band_28,AvgTxPwr_19.66,FAIL;
找到数据：LTE_MaxPower, Band_38,AvgTxPwr_10.67,FAIL;


[2025-07-21 13:57:25.845]
第2次查找：
  WCDMA_MaxOutputPower:UE_Power:Band
  WCDMA_MaxOutputPower:UE_Power:Tx Power

[2025-07-21 13:57:25.845]
未找到Band和Tx Power的匹配值 WCDMA_MaxOutputPower:UE_Power:Band:UE_Power:Tx Power

[2025-07-21 13:57:25.845]
第3次查找：
  GSMBurstTiming:GSMBurstTiming:Band
  GSMBurstTiming:GSMBurstTiming:avgTxPwr

[2025-07-21 13:57:25.846]
找到数据：GSMBurstTiming, Band_EGSM,avgTxPwr_30.14,FAIL;


[2025-07-21 13:57:25.847]
开始解析GPS数据

[2025-07-21 13:57:25.847]
第1次查找：
  Radiated_GPS_Measure:Radiated_GPS_Measure:GPS_Mobile_reported_frequency
  Radiated_GPS_Measure:Radiated_GPS_Measure:GPS_Mobile_reported_C/No

[2025-07-21 13:57:25.847]
未找到GPS_Mobile_reported_frequency和GPS_Mobile_reported_C/No的匹配值 Radiated_GPS_Measure:Radiated_GPS_Measure:GPS_Mobile_reported_frequency:Radiated_GPS_Measure:GPS_Mobile_reported_C/No

[2025-07-21 13:57:25.848]
找到数据如下：
LTE_MaxPower, Band_1,AvgTxPwr_13.93,FAIL;
LTE_MaxPower, Band_2,AvgTxPwr_0.00,FAIL;
LTE_MaxPower, Band_3,AvgTxPwr_22.47,PASS;
LTE_MaxPower, Band_4,AvgTxPwr_-999.00,FAIL;
LTE_MaxPower, Band_5,AvgTxPwr_21.89,PASS;
LTE_MaxPower, Band_7,AvgTxPwr_24.84,PASS;
LTE_MaxPower, Band_8,AvgTxPwr_21.77,PASS;
LTE_MaxPower, Band_28,AvgTxPwr_19.66,FAIL;
LTE_MaxPower, Band_38,AvgTxPwr_10.67,FAIL;
GSMBurstTiming, Band_EGSM,avgTxPwr_30.14,FAIL;


[2025-07-21 13:57:25.850]
开始上传数据

[2025-07-21 13:57:25.851]
密码加密：456E632D53656E732D496E666F2D41003031303108000000B9708B8B0800000055A63B23A88FF5EB

[2025-07-21 13:57:26.011]
{"isok":"true","num":"0","succeednum":"0","failnum":"0","statecodeid":"0","extdata":"{\"barcodesn\":\"24a03600028\",\"summonsnumber\":\"24a036\",\"materialcode\":\"yg01002427\",\"terminalsn\":\"\",\"customerserialnumber\":\"\",\"psamid\":\"\",\"tusn\":\"\",\"sntype\":\"0\"}"}

[2025-07-21 13:57:26.012]
数据上传成功：
2025-07-21 13:57:25@RF Test@@LTE_MaxPower, Band_1,AvgTxPwr_13.93,FAIL;
LTE_MaxPower, Band_2,AvgTxPwr_0.00,FAIL;
LTE_MaxPower, Band_3,AvgTxPwr_22.47,PASS;
LTE_MaxPower, Band_4,AvgTxPwr_-999.00,FAIL;
LTE_MaxPower, Band_5,AvgTxPwr_21.89,PASS;
LTE_MaxPower, Band_7,AvgTxPwr_24.84,PASS;
LTE_MaxPower, Band_8,AvgTxPwr_21.77,PASS;
LTE_MaxPower, Band_28,AvgTxPwr_19.66,FAIL;
LTE_MaxPower, Band_38,AvgTxPwr_10.67,FAIL;
GSMBurstTiming, Band_EGSM,avgTxPwr_30.14,FAIL;
@0

